SF:lib/src/core/di/di_initializer.dart
DA:7,6
DA:9,2
DA:10,2
DA:11,2
DA:15,2
DA:19,2
LF:6
LH:6
end_of_record
SF:lib/src/data/dto/search_request.g.dart
DA:9,1
DA:10,1
DA:11,1
DA:12,1
DA:13,1
DA:14,1
DA:15,1
DA:16,1
LF:8
LH:8
end_of_record
SF:lib/src/presentation/radio_browser/radio_browser_page.dart
DA:13,3
DA:15,1
DA:17,1
DA:18,3
DA:19,1
DA:20,2
DA:21,2
DA:22,1
DA:24,2
DA:25,2
DA:26,1
DA:27,1
DA:28,1
DA:29,1
DA:32,1
DA:33,1
DA:34,0
DA:41,1
DA:47,0
DA:49,0
DA:50,0
DA:51,0
DA:53,0
DA:54,0
DA:55,0
DA:60,2
DA:62,1
DA:64,1
DA:65,2
DA:66,2
DA:67,1
DA:68,1
DA:70,0
DA:71,0
DA:72,0
DA:73,0
DA:74,0
DA:76,0
DA:83,1
DA:88,1
DA:89,1
DA:96,1
DA:98,3
DA:99,1
DA:102,1
DA:104,2
DA:105,1
DA:108,1
DA:110,1
DA:111,1
DA:112,3
DA:113,2
DA:114,3
DA:115,3
DA:116,4
DA:122,0
DA:123,0
DA:124,0
DA:125,0
DA:126,0
LF:60
LH:41
end_of_record
SF:lib/src/data/providers/radio_favorites_hive.dart
DA:8,2
LF:1
LH:1
end_of_record
SF:lib/src/domain/models/radio_station.dart
DA:17,1
DA:18,1
DA:19,1
DA:20,1
DA:21,1
DA:22,1
DA:23,1
DA:24,1
LF:8
LH:8
end_of_record
SF:lib/src/domain/models/hive_adapters/hive_radio_station.dart
DA:10,1
DA:19,0
DA:20,0
DA:22,2
DA:23,1
DA:24,1
DA:25,1
DA:26,1
DA:27,1
DA:28,1
DA:44,0
DA:46,2
DA:47,1
DA:48,1
DA:49,1
DA:50,1
DA:51,1
DA:52,1
LF:18
LH:15
end_of_record
SF:lib/src/domain/models/hive_adapters/hive_radio_station.g.dart
DA:13,0
DA:15,0
DA:16,0
DA:17,0
DA:19,0
DA:20,0
DA:21,0
DA:22,0
DA:23,0
DA:24,0
DA:25,0
DA:29,0
DA:32,0
DA:33,0
DA:34,0
DA:35,0
DA:36,0
DA:37,0
DA:38,0
DA:39,0
DA:40,0
DA:41,0
DA:42,0
DA:43,0
DA:44,0
DA:47,0
DA:48,0
DA:50,0
DA:53,0
DA:54,0
DA:55,0
DA:62,0
DA:63,0
DA:64,0
DA:65,0
DA:66,0
DA:67,0
DA:68,0
DA:69,0
DA:72,0
DA:73,0
DA:74,0
DA:75,0
DA:76,0
DA:77,0
DA:78,0
DA:79,0
LF:47
LH:0
end_of_record
SF:lib/src/core/di/di_module.dart
DA:12,2
DA:13,2
DA:18,2
DA:20,2
DA:22,6
DA:24,2
DA:34,2
DA:36,2
DA:43,2
DA:44,2
DA:45,2
DA:46,2
LF:12
LH:12
end_of_record
SF:lib/src/core/navigation/navigators/radio_browser_navigator.dart
DA:10,0
DA:14,0
DA:16,0
DA:18,0
DA:19,0
LF:5
LH:0
end_of_record
SF:lib/src/core/navigation/router/router.dart
DA:12,0
DA:16,0
DA:17,0
DA:19,0
LF:4
LH:0
end_of_record
SF:lib/src/data/providers/radio_browser_api.g.dart
DA:12,1
DA:21,1
DA:24,1
DA:25,1
DA:26,1
DA:27,2
DA:29,2
DA:30,2
DA:36,1
DA:37,2
DA:42,1
DA:43,1
DA:44,3
DA:45,1
DA:47,1
DA:48,2
DA:49,1
DA:50,1
DA:54,1
DA:55,1
DA:56,2
DA:57,2
DA:58,1
DA:59,0
DA:61,1
DA:67,1
DA:71,2
DA:75,1
DA:77,1
DA:78,1
DA:81,0
LF:31
LH:29
end_of_record
SF:lib/src/utils/repository_helper_mixin.dart
DA:11,2
DA:15,2
DA:16,4
DA:17,2
DA:18,0
DA:19,0
DA:20,0
DA:21,0
DA:22,0
DA:23,0
DA:27,0
DA:31,0
DA:32,0
DA:33,0
DA:34,0
DA:35,0
DA:36,0
DA:37,0
DA:38,0
DA:39,0
DA:43,0
DA:46,0
DA:47,0
DA:48,0
LF:24
LH:4
end_of_record
SF:lib/src/domain/repositories/radio_browser_repository.dart
DA:10,1
DA:14,1
DA:19,1
DA:20,2
DA:21,1
DA:22,1
DA:28,1
DA:29,1
DA:30,4
LF:9
LH:9
end_of_record
SF:lib/src/domain/repositories/radio_favorites_repository.dart
DA:10,1
DA:14,1
DA:15,7
DA:17,1
DA:20,4
DA:22,1
DA:23,1
DA:24,5
DA:27,1
DA:28,4
LF:10
LH:10
end_of_record
SF:lib/src/domain/usecases/get_all_favorites_stations_usecase.dart
DA:8,1
DA:12,1
DA:13,3
DA:14,5
LF:4
LH:4
end_of_record
SF:lib/src/domain/usecases/get_radio_stations_by_country_code.dart
DA:8,1
DA:12,1
DA:17,2
LF:3
LH:3
end_of_record
SF:lib/src/domain/usecases/get_single_favorite_station_usecase.dart
DA:8,1
DA:12,1
DA:13,4
LF:3
LH:3
end_of_record
SF:lib/src/domain/usecases/remove_favorite_radio_station_usecase.dart
DA:7,1
DA:11,1
DA:12,2
LF:3
LH:3
end_of_record
SF:lib/src/domain/usecases/save_favorite_radio_station_usecase.dart
DA:8,1
DA:12,1
DA:13,2
LF:3
LH:3
end_of_record
SF:lib/src/presentation/favorites/bloc/favorites_bloc.dart
DA:14,1
DA:15,1
DA:16,1
DA:17,2
DA:18,2
DA:19,2
DA:23,1
DA:29,1
DA:30,2
DA:31,1
DA:32,0
DA:33,2
DA:34,3
DA:41,1
DA:42,3
DA:43,1
LF:16
LH:15
end_of_record
SF:lib/src/presentation/radio/bloc/radio_bloc.dart
DA:20,1
DA:27,1
DA:28,1
DA:29,2
DA:30,2
DA:31,0
DA:32,0
DA:33,0
DA:34,0
DA:35,2
DA:39,1
DA:48,1
DA:50,2
DA:51,1
DA:54,1
DA:55,4
DA:56,2
DA:58,6
DA:59,3
DA:61,0
DA:62,0
DA:63,0
DA:64,0
DA:70,0
DA:72,0
DA:73,0
DA:74,0
DA:79,0
DA:83,0
DA:85,0
DA:86,0
DA:87,0
DA:90,0
DA:91,0
DA:92,0
DA:95,0
DA:96,0
DA:97,0
DA:100,1
DA:101,2
DA:107,1
DA:108,2
DA:109,4
DA:110,1
DA:111,0
DA:112,5
DA:115,3
DA:116,1
DA:117,0
DA:118,5
LF:50
LH:25
end_of_record
SF:lib/src/presentation/radio/bloc/radio_state.dart
DA:14,3
DA:15,3
LF:2
LH:2
end_of_record
SF:lib/src/presentation/radio_browser/bloc/radio_browser_bloc.dart
DA:16,1
DA:19,1
DA:20,1
DA:21,2
DA:22,2
DA:23,0
DA:24,2
DA:25,0
DA:26,2
DA:30,1
DA:36,1
DA:40,3
DA:42,2
DA:48,1
DA:49,0
DA:50,2
DA:51,1
DA:56,2
DA:62,0
DA:63,0
DA:66,0
DA:67,0
DA:71,0
DA:74,0
DA:75,0
DA:78,0
DA:79,0
DA:84,0
DA:85,0
DA:86,0
DA:87,0
DA:89,0
DA:92,0
DA:98,1
DA:102,3
DA:104,0
DA:110,0
DA:111,0
DA:116,0
DA:117,0
DA:118,0
DA:119,0
DA:123,0
DA:124,0
DA:130,1
DA:134,2
LF:46
LH:19
end_of_record
SF:lib/src/core/navigation/route/wrappers.dart
DA:5,0
DA:13,2
DA:18,2
LF:3
LH:2
end_of_record
SF:lib/src/core/navigation/route/routes.dart
DA:9,0
DA:10,0
DA:11,0
DA:12,0
DA:15,0
DA:21,0
DA:26,0
LF:7
LH:0
end_of_record
SF:lib/src/presentation/favorites/favorites_page.dart
DA:11,3
DA:13,1
DA:15,1
DA:16,3
DA:17,1
DA:18,1
DA:19,1
DA:22,2
DA:31,2
DA:33,1
DA:35,1
DA:36,1
DA:37,2
DA:38,1
DA:39,1
DA:42,1
DA:43,1
DA:44,4
DA:45,1
DA:46,1
DA:54,1
DA:56,2
DA:57,2
DA:58,2
DA:59,1
DA:60,1
DA:61,4
LF:27
LH:27
end_of_record
SF:lib/src/presentation/radio/radio_page.dart
DA:14,1
DA:18,1
DA:20,1
DA:21,4
DA:22,1
DA:23,1
DA:24,1
DA:25,1
DA:29,3
DA:30,1
DA:31,1
DA:32,1
DA:33,1
DA:34,1
DA:35,1
DA:54,2
DA:56,1
DA:58,1
DA:59,1
DA:60,1
DA:61,2
DA:62,1
DA:63,1
DA:64,1
DA:65,0
DA:66,0
DA:69,0
DA:70,0
DA:71,0
DA:74,0
DA:75,0
DA:76,0
DA:81,0
DA:86,1
DA:87,1
DA:88,3
DA:89,2
DA:91,1
DA:92,3
DA:94,1
DA:95,3
DA:96,3
DA:97,1
DA:98,1
DA:103,1
DA:104,1
DA:107,3
DA:108,1
DA:109,2
DA:114,1
DA:115,3
DA:116,1
DA:117,2
DA:118,1
DA:119,1
DA:120,2
DA:121,0
DA:122,0
DA:123,0
DA:124,0
DA:125,0
DA:126,0
DA:130,2
DA:131,0
DA:132,0
DA:133,0
DA:134,0
DA:135,0
DA:136,0
DA:140,1
DA:142,1
DA:143,1
DA:145,1
DA:146,0
DA:147,0
DA:148,0
DA:150,1
LF:77
LH:53
end_of_record
SF:lib/src/core/ui/atoms/dimensions.dart
DA:5,2
DA:41,2
LF:2
LH:2
end_of_record
SF:lib/src/core/ui/pages/error_view.dart
DA:5,0
DA:14,0
DA:16,0
DA:17,0
DA:19,0
DA:22,0
DA:23,0
LF:7
LH:0
end_of_record
SF:lib/src/core/ui/pages/loading_view.dart
DA:4,2
DA:6,0
LF:2
LH:1
end_of_record
SF:lib/src/data/dto/radio_station_response.dart
DA:21,1
DA:22,1
LF:2
LH:2
end_of_record
SF:lib/src/data/dto/radio_station_response.g.dart
DA:9,1
DA:11,1
DA:12,1
DA:13,1
DA:14,1
DA:15,1
DA:16,1
DA:17,1
DA:18,1
DA:19,1
DA:20,1
DA:21,1
LF:12
LH:12
end_of_record
SF:lib/src/utils/core_hive_repository.dart
DA:6,2
DA:11,2
DA:13,4
DA:14,4
DA:15,2
LF:5
LH:5
end_of_record
SF:lib/src/presentation/widgets/radio_station_tile.dart
DA:5,2
DA:13,0
DA:17,2
DA:19,2
DA:20,6
DA:21,2
DA:22,2
DA:23,4
DA:24,2
DA:25,2
DA:30,6
DA:31,2
LF:12
LH:11
end_of_record
